# JRE version: Java(TM) SE Runtime Environment (8.0_91-b14) (build 1.8.0_91-b14)
# Java VM: Java HotSpot(TM) 64-Bit Server VM (25.91-b14 mixed mode windows-amd64 compressed oops)
Heap:
 PSYoungGen      total 184320K, used 126533K [0x00000000eab00000, 0x00000000fc400000, 0x0000000100000000)
  eden space 172032K, 66% used [0x00000000eab00000,0x00000000f1a962b0,0x00000000f5300000)
  from space 12288K, 99% used [0x00000000f5300000,0x00000000f5efb2c0,0x00000000f5f00000)
  to   space 16384K, 0% used [0x00000000fb400000,0x00000000fb400000,0x00000000fc400000)
 ParOldGen       total 47104K, used 27458K [0x00000000c0000000, 0x00000000c2e00000, 0x00000000eab00000)
  object space 47104K, 58% used [0x00000000c0000000,0x00000000c1ad0ad8,0x00000000c2e00000)
 Metaspace       used 52420K, capacity 53392K, committed 53504K, reserved 1095680K
  class space    used 7137K, capacity 7412K, committed 7424K, reserved 1048576K
GC Heap History (10 events):
Event: 10.420 GC heap before
{Heap before GC invocations=9 (full 1):
 PSYoungGen      total 69632K, used 60928K [0x00000000eab00000, 0x00000000f3200000, 0x0000000100000000)
  eden space 60928K, 100% used [0x00000000eab00000,0x00000000ee680000,0x00000000ee680000)
  from space 8704K, 0% used [0x00000000ee680000,0x00000000ee680000,0x00000000eef00000)
  to   space 8192K, 0% used [0x00000000f2a00000,0x00000000f2a00000,0x00000000f3200000)
 ParOldGen       total 33792K, used 11294K [0x00000000c0000000, 0x00000000c2100000, 0x00000000eab00000)
  object space 33792K, 33% used [0x00000000c0000000,0x00000000c0b07910,0x00000000c2100000)
 Metaspace       used 26894K, capacity 27368K, committed 27392K, reserved 1073152K
  class space    used 3692K, capacity 3834K, committed 3840K, reserved 1048576K
Event: 10.428 GC heap after
Heap after GC invocations=9 (full 1):
 PSYoungGen      total 120320K, used 6509K [0x00000000eab00000, 0x00000000f3080000, 0x0000000100000000)
  eden space 113664K, 0% used [0x00000000eab00000,0x00000000eab00000,0x00000000f1a00000)
  from space 6656K, 97% used [0x00000000f2a00000,0x00000000f305b778,0x00000000f3080000)
  to   space 8704K, 0% used [0x00000000f1f80000,0x00000000f1f80000,0x00000000f2800000)
 ParOldGen       total 33792K, used 11366K [0x00000000c0000000, 0x00000000c2100000, 0x00000000eab00000)
  object space 33792K, 33% used [0x00000000c0000000,0x00000000c0b19920,0x00000000c2100000)
 Metaspace       used 26894K, capacity 27368K, committed 27392K, reserved 1073152K
  class space    used 3692K, capacity 3834K, committed 3840K, reserved 1048576K
}
Event: 13.143 GC heap before
{Heap before GC invocations=10 (full 1):
 PSYoungGen      total 120320K, used 120173K [0x00000000eab00000, 0x00000000f3080000, 0x0000000100000000)
  eden space 113664K, 100% used [0x00000000eab00000,0x00000000f1a00000,0x00000000f1a00000)
  from space 6656K, 97% used [0x00000000f2a00000,0x00000000f305b778,0x00000000f3080000)
  to   space 8704K, 0% used [0x00000000f1f80000,0x00000000f1f80000,0x00000000f2800000)
 ParOldGen       total 33792K, used 11366K [0x00000000c0000000, 0x00000000c2100000, 0x00000000eab00000)
  object space 33792K, 33% used [0x00000000c0000000,0x00000000c0b19920,0x00000000c2100000)
 Metaspace       used 31173K, capacity 31796K, committed 32128K, reserved 1077248K
  class space    used 4208K, capacity 4370K, committed 4480K, reserved 1048576K
Event: 13.518 GC heap after
Heap after GC invocations=10 (full 1):
 PSYoungGen      total 128000K, used 8673K [0x00000000eab00000, 0x00000000f6880000, 0x0000000100000000)
  eden space 119296K, 0% used [0x00000000eab00000,0x00000000eab00000,0x00000000f1f80000)
  from space 8704K, 99% used [0x00000000f1f80000,0x00000000f27f8528,0x00000000f2800000)
  to   space 9728K, 0% used [0x00000000f5f00000,0x00000000f5f00000,0x00000000f6880000)
 ParOldGen       total 33792K, used 11456K [0x00000000c0000000, 0x00000000c2100000, 0x00000000eab00000)
  object space 33792K, 33% used [0x00000000c0000000,0x00000000c0b30010,0x00000000c2100000)
 Metaspace       used 31173K, capacity 31796K, committed 32128K, reserved 1077248K
  class space    used 4208K, capacity 4370K, committed 4480K, reserved 1048576K
}
Event: 14.516 GC heap before
{Heap before GC invocations=11 (full 1):
 PSYoungGen      total 128000K, used 71350K [0x00000000eab00000, 0x00000000f6880000, 0x0000000100000000)
  eden space 119296K, 52% used [0x00000000eab00000,0x00000000ee835350,0x00000000f1f80000)
  from space 8704K, 99% used [0x00000000f1f80000,0x00000000f27f8528,0x00000000f2800000)
  to   space 9728K, 0% used [0x00000000f5f00000,0x00000000f5f00000,0x00000000f6880000)
 ParOldGen       total 33792K, used 11456K [0x00000000c0000000, 0x00000000c2100000, 0x00000000eab00000)
  object space 33792K, 33% used [0x00000000c0000000,0x00000000c0b30010,0x00000000c2100000)
 Metaspace       used 34646K, capacity 35254K, committed 35496K, reserved 1079296K
  class space    used 4680K, capacity 4833K, committed 4864K, reserved 1048576K
Event: 14.535 GC heap after
Heap after GC invocations=11 (full 1):
 PSYoungGen      total 181760K, used 9716K [0x00000000eab00000, 0x00000000f7400000, 0x0000000100000000)
  eden space 172032K, 0% used [0x00000000eab00000,0x00000000eab00000,0x00000000f5300000)
  from space 9728K, 99% used [0x00000000f5f00000,0x00000000f687d0d0,0x00000000f6880000)
  to   space 12288K, 0% used [0x00000000f5300000,0x00000000f5300000,0x00000000f5f00000)
 ParOldGen       total 33792K, used 15272K [0x00000000c0000000, 0x00000000c2100000, 0x00000000eab00000)
  object space 33792K, 45% used [0x00000000c0000000,0x00000000c0eea368,0x00000000c2100000)
 Metaspace       used 34646K, capacity 35254K, committed 35496K, reserved 1079296K
  class space    used 4680K, capacity 4833K, committed 4864K, reserved 1048576K
}
Event: 14.535 GC heap before
{Heap before GC invocations=12 (full 2):
 PSYoungGen      total 181760K, used 9716K [0x00000000eab00000, 0x00000000f7400000, 0x0000000100000000)
  eden space 172032K, 0% used [0x00000000eab00000,0x00000000eab00000,0x00000000f5300000)
  from space 9728K, 99% used [0x00000000f5f00000,0x00000000f687d0d0,0x00000000f6880000)
  to   space 12288K, 0% used [0x00000000f5300000,0x00000000f5300000,0x00000000f5f00000)
 ParOldGen       total 33792K, used 15272K [0x00000000c0000000, 0x00000000c2100000, 0x00000000eab00000)
  object space 33792K, 45% used [0x00000000c0000000,0x00000000c0eea368,0x00000000c2100000)
 Metaspace       used 34646K, capacity 35254K, committed 35496K, reserved 1079296K
  class space    used 4680K, capacity 4833K, committed 4864K, reserved 1048576K
Event: 14.662 GC heap after
Heap after GC invocations=12 (full 2):
 PSYoungGen      total 181760K, used 0K [0x00000000eab00000, 0x00000000f7400000, 0x0000000100000000)
  eden space 172032K, 0% used [0x00000000eab00000,0x00000000eab00000,0x00000000f5300000)
  from space 9728K, 0% used [0x00000000f5f00000,0x00000000f5f00000,0x00000000f6880000)
  to   space 12288K, 0% used [0x00000000f5300000,0x00000000f5300000,0x00000000f5f00000)
 ParOldGen       total 47104K, used 21350K [0x00000000c0000000, 0x00000000c2e00000, 0x00000000eab00000)
  object space 47104K, 45% used [0x00000000c0000000,0x00000000c14d9a88,0x00000000c2e00000)
 Metaspace       used 34646K, capacity 35254K, committed 35496K, reserved 1079296K
  class space    used 4680K, capacity 4833K, committed 4864K, reserved 1048576K
}
Event: 18.198 GC heap before
{Heap before GC invocations=13 (full 2):
 PSYoungGen      total 181760K, used 172032K [0x00000000eab00000, 0x00000000f7400000, 0x0000000100000000)
  eden space 172032K, 100% used [0x00000000eab00000,0x00000000f5300000,0x00000000f5300000)
  from space 9728K, 0% used [0x00000000f5f00000,0x00000000f5f00000,0x00000000f6880000)
  to   space 12288K, 0% used [0x00000000f5300000,0x00000000f5300000,0x00000000f5f00000)
 ParOldGen       total 47104K, used 21350K [0x00000000c0000000, 0x00000000c2e00000, 0x00000000eab00000)
  object space 47104K, 45% used [0x00000000c0000000,0x00000000c14d9a88,0x00000000c2e00000)
 Metaspace       used 44670K, capacity 45608K, committed 45952K, reserved 1089536K
  class space    used 6182K, capacity 6442K, committed 6528K, reserved 1048576K
Event: 18.259 GC heap after
Heap after GC invocations=13 (full 2):
 PSYoungGen      total 184320K, used 12268K [0x00000000eab00000, 0x00000000fc400000, 0x0000000100000000)
  eden space 172032K, 0% used [0x00000000eab00000,0x00000000eab00000,0x00000000f5300000)
  from space 12288K, 99% used [0x00000000f5300000,0x00000000f5efb2c0,0x00000000f5f00000)
  to   space 16384K, 0% used [0x00000000fb400000,0x00000000fb400000,0x00000000fc400000)
 ParOldGen       total 47104K, used 27458K [0x00000000c0000000, 0x00000000c2e00000, 0x00000000eab00000)
  object space 47104K, 58% used [0x00000000c0000000,0x00000000c1ad0ad8,0x00000000c2e00000)
 Metaspace       used 44670K, capacity 45608K, committed 45952K, reserved 1089536K
  class space    used 6182K, capacity 6442K, committed 6528K, reserved 1048576K
}

